#
# There is insufficient memory for the Java Runtime Environment to continue.
# Native memory allocation (mmap) failed to map 335544320 bytes for Failed to commit area from 0x00000006c1c00000 to 0x00000006d5c00000 of length 335544320.
# Possible reasons:
#   The system is out of physical RAM or swap space
#   The process is running with CompressedOops enabled, and the Java Heap may be blocking the growth of the native heap
# Possible solutions:
#   Reduce memory load on the system
#   Increase physical memory or swap space
#   Check if swap backing store is full
#   Decrease Java heap size (-Xmx/-Xms)
#   Decrease number of Java threads
#   Decrease Java thread stack sizes (-Xss)
#   Set larger code cache with -XX:ReservedCodeCacheSize=
# This output file may be truncated or incomplete.
#
#  Out of Memory Error (./src/hotspot/os/windows/os_windows.cpp:3386), pid=17776, tid=12296
#
# JRE version:  (11.0.17+8) (build )
# Java VM: OpenJDK 64-Bit Server VM (11.0.17+8, mixed mode, sharing, tiered, compressed oops, g1 gc, windows-amd64)
# No core dump will be written. Minidumps are not enabled by default on client versions of Windows
#

---------------  S U M M A R Y ------------

Command Line: 

Host: Intel(R) Core(TM) i5-8265U CPU @ 1.60GHz, 8 cores, 19G,  Windows 11 , 64 bit Build 22621 (10.0.22621.2506)
Time: Wed Dec  6 15:53:58 2023 Hora oficial do Brasil elapsed time: 0.694107 seconds (0d 0h 0m 0s)

---------------  T H R E A D  ---------------

Current thread (0x000001fd58f48000):  JavaThread "Unknown thread" [_thread_in_vm, id=12296, stack(0x00000055ee100000,0x00000055ee200000)]

Stack: [0x00000055ee100000,0x00000055ee200000]
Native frames: (J=compiled Java code, j=interpreted, Vv=VM code, C=native code)
V  [jvm.dll+0x61f5ba]
V  [jvm.dll+0x7abf79]
V  [jvm.dll+0x7ad668]
V  [jvm.dll+0x7add43]
V  [jvm.dll+0x24fd88]
V  [jvm.dll+0x61c8ca]
V  [jvm.dll+0x611055]
V  [jvm.dll+0x307ccc]
V  [jvm.dll+0x307b52]
V  [jvm.dll+0x30c866]
V  [jvm.dll+0x352caf]
V  [jvm.dll+0x3526e0]
V  [jvm.dll+0x2e4cd8]
V  [jvm.dll+0x2e5e36]
V  [jvm.dll+0x785db7]
V  [jvm.dll+0x78753f]
V  [jvm.dll+0x35fa29]
V  [jvm.dll+0x768d20]
V  [jvm.dll+0x3cd54f]
V  [jvm.dll+0x3cf8e1]
C  [jli.dll+0x5207]
C  [ucrtbase.dll+0x29363]
C  [KERNEL32.DLL+0x1257d]
C  [ntdll.dll+0x5aa58]


---------------  P R O C E S S  ---------------

Threads class SMR info:
_java_thread_list=0x000001fd56ce91d0, length=0, elements={
}

Java Threads: ( => current thread )

Other Threads:
  0x000001fd58f61000 GCTaskThread "GC Thread#0" [stack: 0x00000055ee200000,0x00000055ee300000] [id=15820]
  0x000001fd58fd1800 ConcurrentGCThread "G1 Main Marker" [stack: 0x00000055ee300000,0x00000055ee400000] [id=14308]
  0x000001fd58fd3000 ConcurrentGCThread "G1 Conc#0" [stack: 0x00000055ee400000,0x00000055ee500000] [id=12600]

[error occurred during error reporting (printing all threads), id 0xc0000005, EXCEPTION_ACCESS_VIOLATION (0xc0000005) at pc=0x00007ff8f22044a7]

VM state:not at safepoint (not fully initialized)

VM Mutex/Monitor currently owned by a thread:  ([mutex/lock_event])
[0x000001fd58f43a90] Heap_lock - owner thread: 0x000001fd58f48000

Heap address: 0x00000006c1c00000, size: 5092 MB, Compressed Oops mode: Non-zero based: 0x00000006c1c00000
Narrow klass base: 0x0000000000000000, Narrow klass shift: 0

GC Heap History (0 events):
No events

Deoptimization events (0 events):
No events

Classes redefined (0 events):
No events

Internal exceptions (0 events):
No events

Events (1 events):
Event: 0.635 Loaded shared library C:\Program Files\Eclipse Adoptium\jdk-11.0.17.8-hotspot\bin\zip.dll


Dynamic libraries:
0x00007ff785d40000 - 0x00007ff785d4d000 	C:\Program Files\Eclipse Adoptium\jdk-11.0.17.8-hotspot\bin\java.exe
0x00007ff93acd0000 - 0x00007ff93aee7000 	C:\WINDOWS\SYSTEM32\ntdll.dll
0x00007ff938dc0000 - 0x00007ff938e84000 	C:\WINDOWS\System32\KERNEL32.DLL
0x00007ff9382d0000 - 0x00007ff938676000 	C:\WINDOWS\System32\KERNELBASE.dll
0x00007ff938010000 - 0x00007ff938121000 	C:\WINDOWS\System32\ucrtbase.dll
0x00007ff9282f0000 - 0x00007ff928307000 	C:\Program Files\Eclipse Adoptium\jdk-11.0.17.8-hotspot\bin\jli.dll
0x00007ff920450000 - 0x00007ff9206e3000 	C:\WINDOWS\WinSxS\amd64_microsoft.windows.common-controls_6595b64144ccf1df_6.0.22621.2506_none_270c5ae97388e100\COMCTL32.dll
0x00007ff9397f0000 - 0x00007ff93999e000 	C:\WINDOWS\System32\USER32.dll
0x00007ff9389f0000 - 0x00007ff938a97000 	C:\WINDOWS\System32\msvcrt.dll
0x00007ff938130000 - 0x00007ff938156000 	C:\WINDOWS\System32\win32u.dll
0x00007ff939770000 - 0x00007ff939799000 	C:\WINDOWS\System32\GDI32.dll
0x00007ff938770000 - 0x00007ff938888000 	C:\WINDOWS\System32\gdi32full.dll
0x00007ff938950000 - 0x00007ff9389ea000 	C:\WINDOWS\System32\msvcp_win.dll
0x00007ff920090000 - 0x00007ff9200a5000 	C:\Program Files\Eclipse Adoptium\jdk-11.0.17.8-hotspot\bin\VCRUNTIME140.dll
0x00007ff938aa0000 - 0x00007ff938ad1000 	C:\WINDOWS\System32\IMM32.DLL
0x00007ff916ff0000 - 0x00007ff91708b000 	C:\Program Files\Eclipse Adoptium\jdk-11.0.17.8-hotspot\bin\msvcp140.dll
0x00007ff8f1f10000 - 0x00007ff8f2a92000 	C:\Program Files\Eclipse Adoptium\jdk-11.0.17.8-hotspot\bin\server\jvm.dll
0x00007ff938e90000 - 0x00007ff938f41000 	C:\WINDOWS\System32\ADVAPI32.dll
0x00007ff939600000 - 0x00007ff9396a5000 	C:\WINDOWS\System32\sechost.dll
0x00007ff939b00000 - 0x00007ff939c17000 	C:\WINDOWS\System32\RPCRT4.dll
0x00007ff938d30000 - 0x00007ff938d38000 	C:\WINDOWS\System32\PSAPI.DLL
0x00007ff91c300000 - 0x00007ff91c309000 	C:\WINDOWS\SYSTEM32\WSOCK32.dll
0x00007ff938f50000 - 0x00007ff938fc1000 	C:\WINDOWS\System32\WS2_32.dll
0x00007ff930860000 - 0x00007ff930894000 	C:\WINDOWS\SYSTEM32\WINMM.dll
0x00007ff930d20000 - 0x00007ff930d2a000 	C:\WINDOWS\SYSTEM32\VERSION.dll
0x00007ff936fd0000 - 0x00007ff936fe8000 	C:\WINDOWS\SYSTEM32\kernel.appcore.dll
0x00007ff92e550000 - 0x00007ff92e560000 	C:\Program Files\Eclipse Adoptium\jdk-11.0.17.8-hotspot\bin\verify.dll
0x00007ff935b40000 - 0x00007ff935d73000 	C:\WINDOWS\SYSTEM32\DBGHELP.DLL
0x00007ff939190000 - 0x00007ff939519000 	C:\WINDOWS\System32\combase.dll
0x00007ff939520000 - 0x00007ff9395f7000 	C:\WINDOWS\System32\OLEAUT32.dll
0x00007ff92f820000 - 0x00007ff92f852000 	C:\WINDOWS\SYSTEM32\dbgcore.DLL
0x00007ff938680000 - 0x00007ff9386fa000 	C:\WINDOWS\System32\bcryptPrimitives.dll
0x00007ff91c210000 - 0x00007ff91c238000 	C:\Program Files\Eclipse Adoptium\jdk-11.0.17.8-hotspot\bin\java.dll
0x00007ff92e110000 - 0x00007ff92e11a000 	C:\Program Files\Eclipse Adoptium\jdk-11.0.17.8-hotspot\bin\jimage.dll
0x00007ff91c340000 - 0x00007ff91c358000 	C:\Program Files\Eclipse Adoptium\jdk-11.0.17.8-hotspot\bin\zip.dll

dbghelp: loaded successfully - version: 4.0.5 - missing functions: none
symbol engine: initialized successfully - sym options: 0x614 - pdb path: .;C:\Program Files\Eclipse Adoptium\jdk-11.0.17.8-hotspot\bin;C:\WINDOWS\SYSTEM32;C:\WINDOWS\WinSxS\amd64_microsoft.windows.common-controls_6595b64144ccf1df_6.0.22621.2506_none_270c5ae97388e100;C:\Program Files\Eclipse Adoptium\jdk-11.0.17.8-hotspot\bin\server

VM Arguments:
java_command: <unknown>
java_class_path (initial): <not set>
Launcher Type: SUN_STANDARD

[Global flags]
     intx CICompilerCount                          = 4                                         {product} {ergonomic}
     uint ConcGCThreads                            = 2                                         {product} {ergonomic}
     uint G1ConcRefinementThreads                  = 8                                         {product} {ergonomic}
   size_t G1HeapRegionSize                         = 1048576                                   {product} {ergonomic}
    uintx GCDrainStackTargetSize                   = 64                                        {product} {ergonomic}
   size_t InitialHeapSize                          = 335544320                                 {product} {ergonomic}
   size_t MarkStackSize                            = 4194304                                   {product} {ergonomic}
   size_t MaxHeapSize                              = 5339348992                                {product} {ergonomic}
   size_t MinHeapDeltaBytes                        = 1048576                                   {product} {ergonomic}
    uintx NonNMethodCodeHeapSize                   = 5836300                                {pd product} {ergonomic}
    uintx NonProfiledCodeHeapSize                  = 122910970                              {pd product} {ergonomic}
    uintx ProfiledCodeHeapSize                     = 122910970                              {pd product} {ergonomic}
    uintx ReservedCodeCacheSize                    = 251658240                              {pd product} {ergonomic}
     bool SegmentedCodeCache                       = true                                      {product} {ergonomic}
     bool UseCompressedClassPointers               = true                                 {lp64_product} {ergonomic}
     bool UseCompressedOops                        = true                                 {lp64_product} {ergonomic}
     bool UseG1GC                                  = true                                      {product} {ergonomic}
     bool UseLargePagesIndividualAllocation        = false                                  {pd product} {ergonomic}

Logging:
Log output configuration:
 #0: stdout all=warning uptime,level,tags
 #1: stderr all=off uptime,level,tags

Environment Variables:
PATH=C:\Python311\Scripts\;C:\Python311\;C:\Program Files\Eclipse Adoptium\jdk-11.0.17.8-hotspot\bin;C:\Program Files\Common Files\Oracle\Java\javapath;C:\Program Files (x86)\Common Files\Oracle\Java\javapath;C:\Python310\Scripts\;C:\Python310\;C:\WINDOWS\system32;C:\WINDOWS;C:\WINDOWS\System32\Wbem;C:\WINDOWS\System32\WindowsPowerShell\v1.0\;C:\WINDOWS\System32\OpenSSH\;C:\flutter\bin\;C:\Program Files (x86)\Bitvise SSH Client;C:\ProgramData\chocolatey\bin;C:\Program Files\dotnet\;C:\Program Files\nodejs\;C:\Program Files\Docker\Docker\resources\bin;C:\Program Files\Microsoft SQL Server\Client SDK\ODBC\170\Tools\Binn\;C:\Program Files (x86)\Microsoft SQL Server\150\Tools\Binn\;C:\Program Files\Microsoft SQL Server\150\Tools\Binn\;C:\Program Files\Microsoft SQL Server\150\DTS\Binn\;C:\Program Files\Azure Data Studio\bin;C:\Program Files\PuTTY\;C:\Program Files (x86)\ZeroTier\One\;C:\Program Files\Git\cmd;C:\Program Files\MySQL\MySQL Shell 8.0\bin\;C:\Users\Igor\AppData\Local\Microsoft\WindowsApps;C:\Users\Igor\AppData\Local\Programs\Microsoft VS Code\bin;C:\Users\Igor\AppData\Local\GitHubDesktop\bin;C:\Users\Igor\AppData\Roaming\npm;C:\Program Files\Azure Data Studio\bin
USERNAME=Igor
OS=Windows_NT
PROCESSOR_IDENTIFIER=Intel64 Family 6 Model 142 Stepping 12, GenuineIntel
TMP=C:\Users\Igor\AppData\Local\Temp
TEMP=C:\Users\Igor\AppData\Local\Temp



---------------  S Y S T E M  ---------------

OS: Windows 11 , 64 bit Build 22621 (10.0.22621.2506)
OS uptime: 1 days 14:39 hours
Hyper-V role detected

CPU:total 8 (initial active 8) (4 cores per cpu, 2 threads per core) family 6 model 142 stepping 12 microcode 0xea, cmov, cx8, fxsr, mmx, sse, sse2, sse3, ssse3, sse4.1, sse4.2, popcnt, avx, avx2, aes, clmul, erms, 3dnowpref, lzcnt, ht, tsc, tscinvbit, bmi1, bmi2, adx, fma

Memory: 4k page, system-wide physical 20360M (2774M free)
TotalPageFile size 50060M (AvailPageFile size 86M)
current process WorkingSet (physical memory assigned to process): 11M, peak: 11M
current process commit charge ("private bytes"): 61M, peak: 381M

vm_info: OpenJDK 64-Bit Server VM (11.0.17+8) for windows-amd64 JRE (11.0.17+8), built on Oct 19 2022 00:04:05 by "" with MS VC++ 15.9 (VS2017)

END.
